# JRE version: Java(TM) SE Runtime Environment (18.0.1.1+2) (build 18.0.1.1+2-6)
# Java VM: Java HotSpot(TM) 64-Bit Server VM (18.0.1.1+2-6, mixed mode, sharing, tiered, compressed oops, compressed class ptrs, g1 gc, windows-amd64)
GC Precious Log:
 CardTable entry size: 512
 Card Set container configuration: InlinePtr #cards 5 size 8 Array Of Cards #cards 12 size 40 Howl #buckets 4 coarsen threshold 1843 Howl Bitmap #cards 512 size 80 coarsen threshold 460 Card regions per heap region 1 cards per card region 2048
 CPUs: 8 total, 8 available
 Memory: 8059M
 Large Page Support: Disabled
 NUMA Support: Disabled
 Compressed Oops: Enabled (32-bit)
 Heap Region Size: 1M
 Heap Min Capacity: 8M
 Heap Initial Capacity: 126M
 Heap Max Capacity: 2016M
 Pre-touch: Disabled
 Parallel Workers: 8
 Concurrent Workers: 2
 Concurrent Refinement Workers: 8
 Periodic GC: Disabled
Heap:
 garbage-first heap   total 116736K, used 74274K [0x0000000082000000, 0x0000000100000000)
  region size 1024K, 4 young (4096K), 3 survivors (3072K)
 Metaspace       used 34066K, committed 34432K, reserved 1114112K
  class space    used 4567K, committed 4736K, reserved 1048576K
GC Heap History (20 events):
Event: 1.507 GC heap before
{Heap before GC invocations=2 (full 0):
 garbage-first heap   total 129024K, used 13728K [0x0000000082000000, 0x0000000100000000)
  region size 1024K, 11 young (11264K), 5 survivors (5120K)
 Metaspace       used 21229K, committed 21504K, reserved 1114112K
  class space    used 2497K, committed 2624K, reserved 1048576K
}
Event: 1.512 GC heap after
{Heap after GC invocations=3 (full 0):
 garbage-first heap   total 129024K, used 9166K [0x0000000082000000, 0x0000000100000000)
  region size 1024K, 6 young (6144K), 6 survivors (6144K)
 Metaspace       used 21229K, committed 21504K, reserved 1114112K
  class space    used 2497K, committed 2624K, reserved 1048576K
}
Event: 1.856 GC heap before
{Heap before GC invocations=4 (full 0):
 garbage-first heap   total 37888K, used 31694K [0x0000000082000000, 0x0000000100000000)
  region size 1024K, 23 young (23552K), 6 survivors (6144K)
 Metaspace       used 24977K, committed 25280K, reserved 1114112K
  class space    used 3076K, committed 3264K, reserved 1048576K
}
Event: 1.862 GC heap after
{Heap after GC invocations=5 (full 0):
 garbage-first heap   total 40960K, used 16613K [0x0000000082000000, 0x0000000100000000)
  region size 1024K, 3 young (3072K), 3 survivors (3072K)
 Metaspace       used 24977K, committed 25280K, reserved 1114112K
  class space    used 3076K, committed 3264K, reserved 1048576K
}
Event: 1.905 GC heap before
{Heap before GC invocations=5 (full 0):
 garbage-first heap   total 40960K, used 17637K [0x0000000082000000, 0x0000000100000000)
  region size 1024K, 4 young (4096K), 3 survivors (3072K)
 Metaspace       used 25237K, committed 25600K, reserved 1114112K
  class space    used 3121K, committed 3264K, reserved 1048576K
}
Event: 1.909 GC heap after
{Heap after GC invocations=6 (full 0):
 garbage-first heap   total 40960K, used 17250K [0x0000000082000000, 0x0000000100000000)
  region size 1024K, 1 young (1024K), 1 survivors (1024K)
 Metaspace       used 25237K, committed 25600K, reserved 1114112K
  class space    used 3121K, committed 3264K, reserved 1048576K
}
Event: 2.162 GC heap before
{Heap before GC invocations=6 (full 0):
 garbage-first heap   total 40960K, used 28514K [0x0000000082000000, 0x0000000100000000)
  region size 1024K, 13 young (13312K), 1 survivors (1024K)
 Metaspace       used 28296K, committed 28608K, reserved 1114112K
  class space    used 3706K, committed 3840K, reserved 1048576K
}
Event: 2.164 GC heap after
{Heap after GC invocations=7 (full 0):
 garbage-first heap   total 53248K, used 17774K [0x0000000082000000, 0x0000000100000000)
  region size 1024K, 2 young (2048K), 2 survivors (2048K)
 Metaspace       used 28296K, committed 28608K, reserved 1114112K
  class space    used 3706K, committed 3840K, reserved 1048576K
}
Event: 10.104 GC heap before
{Heap before GC invocations=7 (full 0):
 garbage-first heap   total 53248K, used 36206K [0x0000000082000000, 0x0000000100000000)
  region size 1024K, 14 young (14336K), 2 survivors (2048K)
 Metaspace       used 30790K, committed 31104K, reserved 1114112K
  class space    used 4057K, committed 4224K, reserved 1048576K
}
Event: 10.107 GC heap after
{Heap after GC invocations=8 (full 0):
 garbage-first heap   total 53248K, used 26455K [0x0000000082000000, 0x0000000100000000)
  region size 1024K, 3 young (3072K), 3 survivors (3072K)
 Metaspace       used 30790K, committed 31104K, reserved 1114112K
  class space    used 4057K, committed 4224K, reserved 1048576K
}
Event: 10.145 GC heap before
{Heap before GC invocations=9 (full 0):
 garbage-first heap   total 56320K, used 31575K [0x0000000082000000, 0x0000000100000000)
  region size 1024K, 4 young (4096K), 3 survivors (3072K)
 Metaspace       used 30792K, committed 31104K, reserved 1114112K
  class space    used 4057K, committed 4224K, reserved 1048576K
}
Event: 10.147 GC heap after
{Heap after GC invocations=10 (full 0):
 garbage-first heap   total 56320K, used 31861K [0x0000000082000000, 0x0000000100000000)
  region size 1024K, 1 young (1024K), 1 survivors (1024K)
 Metaspace       used 30792K, committed 31104K, reserved 1114112K
  class space    used 4057K, committed 4224K, reserved 1048576K
}
Event: 10.417 GC heap before
{Heap before GC invocations=11 (full 0):
 garbage-first heap   total 69632K, used 68725K [0x0000000082000000, 0x0000000100000000)
  region size 1024K, 2 young (2048K), 1 survivors (1024K)
 Metaspace       used 30919K, committed 31232K, reserved 1114112K
  class space    used 4082K, committed 4224K, reserved 1048576K
}
Event: 10.418 GC heap after
{Heap after GC invocations=12 (full 0):
 garbage-first heap   total 70656K, used 67592K [0x0000000082000000, 0x0000000100000000)
  region size 1024K, 1 young (1024K), 1 survivors (1024K)
 Metaspace       used 30919K, committed 31232K, reserved 1114112K
  class space    used 4082K, committed 4224K, reserved 1048576K
}
Event: 10.750 GC heap before
{Heap before GC invocations=12 (full 0):
 garbage-first heap   total 70656K, used 69640K [0x0000000082000000, 0x0000000100000000)
  region size 1024K, 3 young (3072K), 1 survivors (1024K)
 Metaspace       used 31280K, committed 31680K, reserved 1114112K
  class space    used 4112K, committed 4288K, reserved 1048576K
}
Event: 10.753 GC heap after
{Heap after GC invocations=13 (full 0):
 garbage-first heap   total 72704K, used 67555K [0x0000000082000000, 0x0000000100000000)
  region size 1024K, 1 young (1024K), 1 survivors (1024K)
 Metaspace       used 31280K, committed 31680K, reserved 1114112K
  class space    used 4112K, committed 4288K, reserved 1048576K
}
Event: 10.976 GC heap before
{Heap before GC invocations=13 (full 0):
 garbage-first heap   total 72704K, used 69603K [0x0000000082000000, 0x0000000100000000)
  region size 1024K, 3 young (3072K), 1 survivors (1024K)
 Metaspace       used 31500K, committed 31872K, reserved 1114112K
  class space    used 4140K, committed 4288K, reserved 1048576K
}
Event: 10.978 GC heap after
{Heap after GC invocations=14 (full 0):
 garbage-first heap   total 72704K, used 67885K [0x0000000082000000, 0x0000000100000000)
  region size 1024K, 1 young (1024K), 1 survivors (1024K)
 Metaspace       used 31500K, committed 31872K, reserved 1114112K
  class space    used 4140K, committed 4288K, reserved 1048576K
}
Event: 11.026 GC heap before
{Heap before GC invocations=15 (full 0):
 garbage-first heap   total 116736K, used 69933K [0x0000000082000000, 0x0000000100000000)
  region size 1024K, 3 young (3072K), 1 survivors (1024K)
 Metaspace       used 31885K, committed 32256K, reserved 1114112K
  class space    used 4199K, committed 4352K, reserved 1048576K
}
Event: 11.028 GC heap after
{Heap after GC invocations=16 (full 0):
 garbage-first heap   total 116736K, used 68363K [0x0000000082000000, 0x0000000100000000)
  region size 1024K, 1 young (1024K), 1 survivors (1024K)
 Metaspace       used 31885K, committed 32256K, reserved 1114112K
  class space    used 4199K, committed 4352K, reserved 1048576K
}

