# JRE version: Java(TM) SE Runtime Environment (18.0.1.1+2) (build 18.0.1.1+2-6)
# Java VM: Java HotSpot(TM) 64-Bit Server VM (18.0.1.1+2-6, mixed mode, sharing, tiered, compressed oops, compressed class ptrs, g1 gc, windows-amd64)
GC Precious Log:
 CardTable entry size: 512
 Card Set container configuration: InlinePtr #cards 5 size 8 Array Of Cards #cards 12 size 40 Howl #buckets 4 coarsen threshold 1843 Howl Bitmap #cards 512 size 80 coarsen threshold 460 Card regions per heap region 1 cards per card region 2048
 CPUs: 8 total, 8 available
 Memory: 8059M
 Large Page Support: Disabled
 NUMA Support: Disabled
 Compressed Oops: Enabled (32-bit)
 Heap Region Size: 1M
 Heap Min Capacity: 8M
 Heap Initial Capacity: 126M
 Heap Max Capacity: 2016M
 Pre-touch: Disabled
 Parallel Workers: 8
 Concurrent Workers: 2
 Concurrent Refinement Workers: 8
 Periodic GC: Disabled
Heap:
 garbage-first heap   total 161792K, used 76253K [0x0000000082000000, 0x0000000100000000)
  region size 1024K, 13 young (13312K), 1 survivors (1024K)
 Metaspace       used 34540K, committed 34944K, reserved 1114112K
  class space    used 4551K, committed 4736K, reserved 1048576K
GC Heap History (20 events):
Event: 1.586 GC heap before
{Heap before GC invocations=1 (full 0):
 garbage-first heap   total 129024K, used 35246K [0x0000000082000000, 0x0000000100000000)
  region size 1024K, 34 young (34816K), 3 survivors (3072K)
 Metaspace       used 16178K, committed 16384K, reserved 1114112K
  class space    used 1888K, committed 1984K, reserved 1048576K
}
Event: 1.593 GC heap after
{Heap after GC invocations=2 (full 0):
 garbage-first heap   total 129024K, used 8187K [0x0000000082000000, 0x0000000100000000)
  region size 1024K, 5 young (5120K), 5 survivors (5120K)
 Metaspace       used 16178K, committed 16384K, reserved 1114112K
  class space    used 1888K, committed 1984K, reserved 1048576K
}
Event: 1.894 GC heap before
{Heap before GC invocations=2 (full 0):
 garbage-first heap   total 129024K, used 14331K [0x0000000082000000, 0x0000000100000000)
  region size 1024K, 12 young (12288K), 5 survivors (5120K)
 Metaspace       used 21229K, committed 21504K, reserved 1114112K
  class space    used 2496K, committed 2624K, reserved 1048576K
}
Event: 1.899 GC heap after
{Heap after GC invocations=3 (full 0):
 garbage-first heap   total 129024K, used 9339K [0x0000000082000000, 0x0000000100000000)
  region size 1024K, 2 young (2048K), 2 survivors (2048K)
 Metaspace       used 21229K, committed 21504K, reserved 1114112K
  class space    used 2496K, committed 2624K, reserved 1048576K
}
Event: 2.369 GC heap before
{Heap before GC invocations=4 (full 0):
 garbage-first heap   total 37888K, used 36987K [0x0000000082000000, 0x0000000100000000)
  region size 1024K, 24 young (24576K), 2 survivors (2048K)
 Metaspace       used 26175K, committed 26496K, reserved 1114112K
  class space    used 3307K, committed 3456K, reserved 1048576K
}
Event: 2.373 GC heap after
{Heap after GC invocations=5 (full 0):
 garbage-first heap   total 41984K, used 16856K [0x0000000082000000, 0x0000000100000000)
  region size 1024K, 4 young (4096K), 4 survivors (4096K)
 Metaspace       used 26175K, committed 26496K, reserved 1114112K
  class space    used 3307K, committed 3456K, reserved 1048576K
}
Event: 14.773 GC heap before
{Heap before GC invocations=5 (full 0):
 garbage-first heap   total 41984K, used 31192K [0x0000000082000000, 0x0000000100000000)
  region size 1024K, 16 young (16384K), 4 survivors (4096K)
 Metaspace       used 29183K, committed 29504K, reserved 1114112K
  class space    used 3738K, committed 3904K, reserved 1048576K
}
Event: 14.777 GC heap after
{Heap after GC invocations=6 (full 0):
 garbage-first heap   total 41984K, used 20410K [0x0000000082000000, 0x0000000100000000)
  region size 1024K, 2 young (2048K), 2 survivors (2048K)
 Metaspace       used 29183K, committed 29504K, reserved 1114112K
  class space    used 3738K, committed 3904K, reserved 1048576K
}
Event: 15.034 GC heap before
{Heap before GC invocations=6 (full 0):
 garbage-first heap   total 41984K, used 30650K [0x0000000082000000, 0x0000000100000000)
  region size 1024K, 12 young (12288K), 2 survivors (2048K)
 Metaspace       used 30882K, committed 31232K, reserved 1114112K
  class space    used 4037K, committed 4224K, reserved 1048576K
}
Event: 15.036 GC heap after
{Heap after GC invocations=7 (full 0):
 garbage-first heap   total 41984K, used 21635K [0x0000000082000000, 0x0000000100000000)
  region size 1024K, 2 young (2048K), 2 survivors (2048K)
 Metaspace       used 30882K, committed 31232K, reserved 1114112K
  class space    used 4037K, committed 4224K, reserved 1048576K
}
Event: 15.891 GC heap before
{Heap before GC invocations=8 (full 0):
 garbage-first heap   total 75776K, used 74883K [0x0000000082000000, 0x0000000100000000)
  region size 1024K, 9 young (9216K), 2 survivors (2048K)
 Metaspace       used 31660K, committed 32000K, reserved 1114112K
  class space    used 4123K, committed 4288K, reserved 1048576K
}
Event: 15.894 GC heap after
{Heap after GC invocations=9 (full 0):
 garbage-first heap   total 79872K, used 63606K [0x0000000082000000, 0x0000000100000000)
  region size 1024K, 2 young (2048K), 2 survivors (2048K)
 Metaspace       used 31660K, committed 32000K, reserved 1114112K
  class space    used 4123K, committed 4288K, reserved 1048576K
}
Event: 15.913 GC heap before
{Heap before GC invocations=9 (full 0):
 garbage-first heap   total 79872K, used 64630K [0x0000000082000000, 0x0000000100000000)
  region size 1024K, 3 young (3072K), 2 survivors (2048K)
 Metaspace       used 31929K, committed 32256K, reserved 1114112K
  class space    used 4167K, committed 4352K, reserved 1048576K
}
Event: 15.916 GC heap after
{Heap after GC invocations=10 (full 0):
 garbage-first heap   total 79872K, used 63735K [0x0000000082000000, 0x0000000100000000)
  region size 1024K, 1 young (1024K), 1 survivors (1024K)
 Metaspace       used 31929K, committed 32256K, reserved 1114112K
  class space    used 4167K, committed 4352K, reserved 1048576K
}
Event: 15.973 GC heap before
{Heap before GC invocations=10 (full 0):
 garbage-first heap   total 79872K, used 66807K [0x0000000082000000, 0x0000000100000000)
  region size 1024K, 5 young (5120K), 1 survivors (1024K)
 Metaspace       used 32604K, committed 32960K, reserved 1114112K
  class space    used 4304K, committed 4480K, reserved 1048576K
}
Event: 15.975 GC heap after
{Heap after GC invocations=11 (full 0):
 garbage-first heap   total 79872K, used 64237K [0x0000000082000000, 0x0000000100000000)
  region size 1024K, 1 young (1024K), 1 survivors (1024K)
 Metaspace       used 32604K, committed 32960K, reserved 1114112K
  class space    used 4304K, committed 4480K, reserved 1048576K
}
Event: 16.045 GC heap before
{Heap before GC invocations=12 (full 0):
 garbage-first heap   total 109568K, used 68333K [0x0000000082000000, 0x0000000100000000)
  region size 1024K, 5 young (5120K), 1 survivors (1024K)
 Metaspace       used 33118K, committed 33536K, reserved 1114112K
  class space    used 4424K, committed 4608K, reserved 1048576K
}
Event: 16.047 GC heap after
{Heap after GC invocations=13 (full 0):
 garbage-first heap   total 109568K, used 65056K [0x0000000082000000, 0x0000000100000000)
  region size 1024K, 1 young (1024K), 1 survivors (1024K)
 Metaspace       used 33118K, committed 33536K, reserved 1114112K
  class space    used 4424K, committed 4608K, reserved 1048576K
}
Event: 16.121 GC heap before
{Heap before GC invocations=13 (full 0):
 garbage-first heap   total 109568K, used 69152K [0x0000000082000000, 0x0000000100000000)
  region size 1024K, 5 young (5120K), 1 survivors (1024K)
 Metaspace       used 33380K, committed 33728K, reserved 1114112K
  class space    used 4451K, committed 4608K, reserved 1048576K
}
Event: 16.128 GC heap after
{Heap after GC invocations=14 (full 0):
 garbage-first heap   total 161792K, used 66013K [0x0000000082000000, 0x0000000100000000)
  region size 1024K, 1 young (1024K), 1 survivors (1024K)
 Metaspace       used 33380K, committed 33728K, reserved 1114112K
  class space    used 4451K, committed 4608K, reserved 1048576K
}

